Performing C SOURCE FILE Test CMAKE_HAVE_LIBC_PTHREAD failed with the following output:
Change Dir: /home/dknb/dev/exp/UnitTest/build/CMakeFiles/CMakeTmp

Run Build Command(s):/usr/bin/make cmTC_23c70/fast && /usr/bin/make  -f CMakeFiles/cmTC_23c70.dir/build.make CMakeFiles/cmTC_23c70.dir/build
make[1]: ディレクトリ '/home/dknb/dev/exp/UnitTest/build/CMakeFiles/CMakeTmp' に入ります
Building C object CMakeFiles/cmTC_23c70.dir/src.c.o
/usr/bin/cc   -DCMAKE_HAVE_LIBC_PTHREAD   -o CMakeFiles/cmTC_23c70.dir/src.c.o   -c /home/dknb/dev/exp/UnitTest/build/CMakeFiles/CMakeTmp/src.c
Linking C executable cmTC_23c70
/usr/bin/cmake -E cmake_link_script CMakeFiles/cmTC_23c70.dir/link.txt --verbose=1
/usr/bin/cc  -DCMAKE_HAVE_LIBC_PTHREAD    -rdynamic CMakeFiles/cmTC_23c70.dir/src.c.o  -o cmTC_23c70 
/usr/bin/ld: CMakeFiles/cmTC_23c70.dir/src.c.o: in function `main':
src.c:(.text+0x3e): undefined reference to `pthread_create'
/usr/bin/ld: src.c:(.text+0x4a): undefined reference to `pthread_detach'
/usr/bin/ld: src.c:(.text+0x56): undefined reference to `pthread_cancel'
/usr/bin/ld: src.c:(.text+0x67): undefined reference to `pthread_join'
collect2: エラー: ld はステータス 1 で終了しました
make[1]: *** [CMakeFiles/cmTC_23c70.dir/build.make:107: cmTC_23c70] エラー 1
make[1]: ディレクトリ '/home/dknb/dev/exp/UnitTest/build/CMakeFiles/CMakeTmp' から出ます
make: *** [Makefile:141: cmTC_23c70/fast] エラー 2


Source file was:
#include <pthread.h>

void* test_func(void* data)
{
  return data;
}

int main(void)
{
  pthread_t thread;
  pthread_create(&thread, NULL, test_func, NULL);
  pthread_detach(thread);
  pthread_cancel(thread);
  pthread_join(thread, NULL);
  pthread_atfork(NULL, NULL, NULL);
  pthread_exit(NULL);

  return 0;
}

Determining if the function pthread_create exists in the pthreads failed with the following output:
Change Dir: /home/dknb/dev/exp/UnitTest/build/CMakeFiles/CMakeTmp

Run Build Command(s):/usr/bin/make cmTC_3f7c9/fast && /usr/bin/make  -f CMakeFiles/cmTC_3f7c9.dir/build.make CMakeFiles/cmTC_3f7c9.dir/build
make[1]: ディレクトリ '/home/dknb/dev/exp/UnitTest/build/CMakeFiles/CMakeTmp' に入ります
Building C object CMakeFiles/cmTC_3f7c9.dir/CheckFunctionExists.c.o
/usr/bin/cc   -DCHECK_FUNCTION_EXISTS=pthread_create   -o CMakeFiles/cmTC_3f7c9.dir/CheckFunctionExists.c.o   -c /usr/share/cmake-3.17/Modules/CheckFunctionExists.c
Linking C executable cmTC_3f7c9
/usr/bin/cmake -E cmake_link_script CMakeFiles/cmTC_3f7c9.dir/link.txt --verbose=1
/usr/bin/cc  -DCHECK_FUNCTION_EXISTS=pthread_create    -rdynamic CMakeFiles/cmTC_3f7c9.dir/CheckFunctionExists.c.o  -o cmTC_3f7c9  -lpthreads 
/usr/bin/ld: -lpthreads が見つかりません
collect2: エラー: ld はステータス 1 で終了しました
make[1]: *** [CMakeFiles/cmTC_3f7c9.dir/build.make:107: cmTC_3f7c9] エラー 1
make[1]: ディレクトリ '/home/dknb/dev/exp/UnitTest/build/CMakeFiles/CMakeTmp' から出ます
make: *** [Makefile:141: cmTC_3f7c9/fast] エラー 2



